2018-10-29 13:38:06 ERROR WorkRunnable:82 - not found element {"errorMessage":"undefined is not a constructor (evaluating 'els.forEach(function(v) { v.remove()} )')","request":{"headers":{"Accept-Encoding":"gzip","Connection":"Keep-Alive","Content-Length":"266","Content-Type":"application/json; charset=utf-8","Host":"localhost:27268","User-Agent":"okhttp/3.9.1"},"httpVersion":"1.1","method":"POST","post":"{\"script\":\"var selector= \\\"#search_deal_area > li:nth-child(1)\\\"; var els = document.querySelectorAll(selector); els.forEach(function(v) { v.remove()} ); if(document.querySelectorAll(selector).length == 0){ window.scrollBy(0,0); window.scrollBy(0,500)}\",\"args\":[\"\"]}","url":"/execute","urlParsed":{"anchor":"","query":"","file":"execute","directory":"/","path":"/execute","relative":"/execute","port":"","host":"","password":"","user":"","userInfo":"","authority":"","protocol":"","source":"/execute","queryKey":{},"chunks":["execute"]},"urlOriginal":"/session/6a310560-db34-11e8-8813-6d06c05a6a72/execute"}}
Command duration or timeout: 0 milliseconds
org.openqa.selenium.WebDriverException: {"errorMessage":"undefined is not a constructor (evaluating 'els.forEach(function(v) { v.remove()} )')","request":{"headers":{"Accept-Encoding":"gzip","Connection":"Keep-Alive","Content-Length":"266","Content-Type":"application/json; charset=utf-8","Host":"localhost:27268","User-Agent":"okhttp/3.9.1"},"httpVersion":"1.1","method":"POST","post":"{\"script\":\"var selector= \\\"#search_deal_area > li:nth-child(1)\\\"; var els = document.querySelectorAll(selector); els.forEach(function(v) { v.remove()} ); if(document.querySelectorAll(selector).length == 0){ window.scrollBy(0,0); window.scrollBy(0,500)}\",\"args\":[\"\"]}","url":"/execute","urlParsed":{"anchor":"","query":"","file":"execute","directory":"/","path":"/execute","relative":"/execute","port":"","host":"","password":"","user":"","userInfo":"","authority":"","protocol":"","source":"/execute","queryKey":{},"chunks":["execute"]},"urlOriginal":"/session/6a310560-db34-11e8-8813-6d06c05a6a72/execute"}}
Command duration or timeout: 0 milliseconds
	at com.onycom.crawler.core.WorkRunnable.run(WorkRunnable.java:82)
	at java.lang.Thread.run(Thread.java:748)
Caused by: org.openqa.selenium.remote.ScreenshotException: Screen shot has been taken
	at org.openqa.selenium.remote.ErrorHandler.throwIfResponseFailed(ErrorHandler.java:140)
	at org.openqa.selenium.remote.http.JsonHttpResponseCodec.reconstructValue(JsonHttpResponseCodec.java:40)
	at org.openqa.selenium.remote.http.AbstractHttpResponseCodec.decode(AbstractHttpResponseCodec.java:80)
	at org.openqa.selenium.remote.http.AbstractHttpResponseCodec.decode(AbstractHttpResponseCodec.java:44)
	at org.openqa.selenium.remote.HttpCommandExecutor.execute(HttpCommandExecutor.java:158)
	at org.openqa.selenium.phantomjs.PhantomJSCommandExecutor.execute(PhantomJSCommandExecutor.java:82)
	at org.openqa.selenium.remote.RemoteWebDriver.execute(RemoteWebDriver.java:545)
	at org.openqa.selenium.remote.RemoteWebDriver.executeScript(RemoteWebDriver.java:482)
	at com.onycom.crawler.scraper.SeleniumScraper.getDocument(SeleniumScraper.java:122)
	at com.onycom.crawler.core.WorkRunnable.run(WorkRunnable.java:69)
	... 1 more
Caused by: org.openqa.selenium.WebDriverException: {"errorMessage":"undefined is not a constructor (evaluating 'els.forEach(function(v) { v.remove()} )')","request":{"headers":{"Accept-Encoding":"gzip","Connection":"Keep-Alive","Content-Length":"266","Content-Type":"application/json; charset=utf-8","Host":"localhost:27268","User-Agent":"okhttp/3.9.1"},"httpVersion":"1.1","method":"POST","post":"{\"script\":\"var selector= \\\"#search_deal_area > li:nth-child(1)\\\"; var els = document.querySelectorAll(selector); els.forEach(function(v) { v.remove()} ); if(document.querySelectorAll(selector).length == 0){ window.scrollBy(0,0); window.scrollBy(0,500)}\",\"args\":[\"\"]}","url":"/execute","urlParsed":{"anchor":"","query":"","file":"execute","directory":"/","path":"/execute","relative":"/execute","port":"","host":"","password":"","user":"","userInfo":"","authority":"","protocol":"","source":"/execute","queryKey":{},"chunks":["execute"]},"urlOriginal":"/session/6a310560-db34-11e8-8813-6d06c05a6a72/execute"}}
Build info: version: '3.11.0', revision: 'e59cfb3', time: '2018-03-11T20:26:55.152Z'
System info: host: 'LAPTOP-94HKRVCK', ip: '192.168.56.1', os.name: 'Windows 10', os.arch: 'amd64', os.version: '10.0', java.version: '1.8.0_161'
Driver info: driver.version: unknown
2018-10-29 13:38:06 ERROR Crawler:255 - [ERR URL] http://search.wemakeprice.com/search?search_cate=top&_service=5&_type=3
2018-10-29 13:38:06 ERROR Crawler:258 - L ERR : not found element {"errorMessage":"undefined is not a constructor (evaluating 'els.forEach(function(v) { v.remove()} )')","request":{"headers":{"Accept-Encoding":"gzip","Connection":"Keep-Alive","Content-Length":"266","Content-Type":"application/json; charset=utf-8","Host":"localhost:27268","User-Agent":"okhttp/3.9.1"},"httpVersion":"1.1","method":"POST","post":"{\"script\":\"var selector= \\\"#search_deal_area > li:nth-child(1)\\\"; var els = document.querySelectorAll(selector); els.forEach(function(v) { v.remove()} ); if(document.querySelectorAll(selector).length == 0){ window.scrollBy(0,0); window.scrollBy(0,500)}\",\"args\":[\"\"]}","url":"/execute","urlParsed":{"anchor":"","query":"","file":"execute","directory":"/","path":"/execute","relative":"/execute","port":"","host":"","password":"","user":"","userInfo":"","authority":"","protocol":"","source":"/execute","queryKey":{},"chunks":["execute"]},"urlOriginal":"/session/6a310560-db34-11e8-8813-6d06c05a6a72/execute"}}
Command duration or timeout: 0 milliseconds
