2018-10-29 14:25:10 INFO  Crawler:218 - ============== Start Crawler =============
2018-10-29 14:25:10 INFO  Crawler:219 - CONFIG FILE    : ./config/config_action.json
2018-10-29 14:25:10 INFO  Crawler:221 - CMD PARAM 00   : 그래픽카드
2018-10-29 14:25:10 INFO  Crawler:223 - CRAWLER NAME   : 액션기반_크롤링
2018-10-29 14:25:10 INFO  Crawler:224 - CRAWLER TYPE   : SCENARIO_DYNAMIC
2018-10-29 14:25:10 INFO  Crawler:225 - IGNORE ROBOTS  : false
2018-10-29 14:25:10 INFO  Crawler:226 - LIMIT_COUNT    : 50
2018-10-29 14:25:10 INFO  Crawler:227 - FILTER COUNT   : 0
2018-10-29 14:25:10 INFO  Crawler:231 - SCENARIO COUNT : 2
2018-10-29 14:25:10 INFO  Crawler:232 - COLLECT COUNT  : 1
2018-10-29 14:25:10 INFO  Crawler:233 - SAVE TYPE      : DB
2018-10-29 14:25:10 INFO  Crawler:234 - SAVE HTML      : true
2018-10-29 14:25:10 INFO  Crawler:235 - ==========================================
2018-10-29 14:25:15 INFO  Crawler:264 - [Progress 1] save : 0, err : 0, remain_work : 1, total : 2
2018-10-29 14:25:19 INFO  Crawler:264 - [Progress 2] save : 0, err : 0, remain_work : 3, total : 5
2018-10-29 14:25:19 INFO  Crawler:264 - [Progress 3] save : 0, err : 0, remain_work : 2, total : 5
2018-10-29 14:25:21 INFO  Crawler:264 - [Progress 4] save : 0, err : 0, remain_work : 4, total : 8
2018-10-29 14:25:21 INFO  Crawler:264 - [Progress 5] save : 0, err : 0, remain_work : 3, total : 8
2018-10-29 14:25:21 ERROR Crawler:257 - [ERR URL] https://front.wemakeprice.com/deal/600057270
2018-10-29 14:25:21 ERROR Crawler:260 - L ERR_WRITE : Contents write failed : Incorrect datetime value: 'datetime' for column 'COLLECTED_TIME' at row 1
2018-10-29 14:25:21 INFO  Crawler:264 - [Progress 6] save : 0, err : 1, remain_work : 2, total : 8
2018-10-29 14:25:21 INFO  Crawler:264 - [Progress 7] save : 0, err : 1, remain_work : 1, total : 8
2018-10-29 14:25:21 INFO  Crawler:264 - [Progress 8] save : 0, err : 1, remain_work : 3, total : 11
2018-10-29 14:25:21 INFO  Crawler:264 - [Progress 9] save : 0, err : 1, remain_work : 2, total : 11
2018-10-29 14:25:23 INFO  Crawler:264 - [Progress 10] save : 0, err : 1, remain_work : 4, total : 14
2018-10-29 14:25:23 INFO  Crawler:264 - [Progress 11] save : 0, err : 1, remain_work : 3, total : 14
2018-10-29 14:25:23 ERROR Crawler:257 - [ERR URL] https://front.wemakeprice.com/deal/600051458?source=dealsearch&search_keyword=%EA%B7%B8%EB%9E%98%ED%94%BD%EC%B9%B4%EB%93%9C&no=2&_service=3
2018-10-29 14:25:23 ERROR Crawler:260 - L ERR_WRITE : Contents write failed : Incorrect datetime value: 'datetime' for column 'COLLECTED_TIME' at row 1
2018-10-29 14:25:23 INFO  Crawler:264 - [Progress 12] save : 0, err : 2, remain_work : 2, total : 14
2018-10-29 14:25:23 INFO  Crawler:264 - [Progress 13] save : 0, err : 2, remain_work : 1, total : 14
2018-10-29 14:25:23 INFO  Crawler:264 - [Progress 14] save : 0, err : 2, remain_work : 3, total : 17
2018-10-29 14:25:23 INFO  Crawler:264 - [Progress 15] save : 0, err : 2, remain_work : 2, total : 17
2018-10-29 14:25:24 INFO  Crawler:264 - [Progress 16] save : 0, err : 2, remain_work : 4, total : 20
2018-10-29 14:25:24 INFO  Crawler:264 - [Progress 17] save : 0, err : 2, remain_work : 3, total : 20
2018-10-29 14:25:24 ERROR Crawler:257 - [ERR URL] https://front.wemakeprice.com/product/100051223?source=dealsearch&search_keyword=%EA%B7%B8%EB%9E%98%ED%94%BD%EC%B9%B4%EB%93%9C&no=3&_service=3
2018-10-29 14:25:24 ERROR Crawler:260 - L ERR_WRITE : Contents write failed : Incorrect datetime value: 'datetime' for column 'COLLECTED_TIME' at row 1
2018-10-29 14:25:24 INFO  Crawler:264 - [Progress 18] save : 0, err : 3, remain_work : 2, total : 20
2018-10-29 14:25:24 INFO  Crawler:264 - [Progress 19] save : 0, err : 3, remain_work : 1, total : 20
2018-10-29 14:25:24 INFO  Crawler:264 - [Progress 20] save : 0, err : 3, remain_work : 3, total : 23
2018-10-29 14:25:25 INFO  Crawler:264 - [Progress 21] save : 0, err : 3, remain_work : 2, total : 23
2018-10-29 14:25:25 INFO  Crawler:264 - [Progress 22] save : 0, err : 3, remain_work : 4, total : 26
2018-10-29 14:25:25 INFO  Crawler:264 - [Progress 23] save : 0, err : 3, remain_work : 3, total : 26
2018-10-29 14:25:26 ERROR Crawler:257 - [ERR URL] https://front.wemakeprice.com/product/100004245?source=dealsearch&search_keyword=%EA%B7%B8%EB%9E%98%ED%94%BD%EC%B9%B4%EB%93%9C&no=4&_service=3
2018-10-29 14:25:26 ERROR Crawler:260 - L ERR_WRITE : Contents write failed : Incorrect datetime value: 'datetime' for column 'COLLECTED_TIME' at row 1
2018-10-29 14:25:26 INFO  Crawler:264 - [Progress 24] save : 0, err : 4, remain_work : 2, total : 26
2018-10-29 14:25:26 INFO  Crawler:264 - [Progress 25] save : 0, err : 4, remain_work : 1, total : 26
2018-10-29 14:25:26 INFO  Crawler:264 - [Progress 26] save : 0, err : 4, remain_work : 3, total : 29
2018-10-29 14:25:26 INFO  Crawler:264 - [Progress 27] save : 0, err : 4, remain_work : 2, total : 29
2018-10-29 14:25:36 ERROR WorkRunnable:82 - not found element Error 404: Not Found
File not found
Command duration or timeout: 6 milliseconds
Build info: version: '3.11.0', revision: 'e59cfb3', time: '2018-03-11T20:26:55.152Z'
System info: host: 'LAPTOP-94HKRVCK', ip: '192.168.56.1', os.name: 'Windows 10', os.arch: 'amd64', os.version: '10.0', java.version: '1.8.0_161'
Driver info: org.openqa.selenium.phantomjs.PhantomJSDriver
Capabilities {acceptSslCerts: false, applicationCacheEnabled: false, browserConnectionEnabled: false, browserName: phantomjs, cssSelectorsEnabled: true, databaseEnabled: false, driverName: ghostdriver, driverVersion: 1.2.0, handlesAlerts: false, javascriptEnabled: true, locationContextEnabled: false, nativeEvents: true, platform: XP, platformName: XP, proxy: Proxy(direct), rotatable: false, takesScreenshot: true, version: 2.1.1, webStorageEnabled: false}
Session ID: 04628900-db3b-11e8-a17b-e1c90a1b53c9
org.openqa.selenium.UnsupportedCommandException: Error 404: Not Found
File not found
Command duration or timeout: 6 milliseconds
Build info: version: '3.11.0', revision: 'e59cfb3', time: '2018-03-11T20:26:55.152Z'
System info: host: 'LAPTOP-94HKRVCK', ip: '192.168.56.1', os.name: 'Windows 10', os.arch: 'amd64', os.version: '10.0', java.version: '1.8.0_161'
Driver info: org.openqa.selenium.phantomjs.PhantomJSDriver
Capabilities {acceptSslCerts: false, applicationCacheEnabled: false, browserConnectionEnabled: false, browserName: phantomjs, cssSelectorsEnabled: true, databaseEnabled: false, driverName: ghostdriver, driverVersion: 1.2.0, handlesAlerts: false, javascriptEnabled: true, locationContextEnabled: false, nativeEvents: true, platform: XP, platformName: XP, proxy: Proxy(direct), rotatable: false, takesScreenshot: true, version: 2.1.1, webStorageEnabled: false}
Session ID: 04628900-db3b-11e8-a17b-e1c90a1b53c9
	at com.onycom.crawler.core.WorkRunnable.run(WorkRunnable.java:82)
	at java.lang.Thread.run(Thread.java:748)
2018-10-29 14:25:36 ERROR Crawler:257 - [ERR URL] http://search.wemakeprice.com/search?search_cate=top&_service=5&_type=3?=&search_keyword=%EA%B7%B8%EB%9E%98%ED%94%BD%EC%B9%B4%EB%93%9C
2018-10-29 14:25:36 ERROR Crawler:260 - L ERR : not found element Error 404: Not Found
File not found
Command duration or timeout: 6 milliseconds
Build info: version: '3.11.0', revision: 'e59cfb3', time: '2018-03-11T20:26:55.152Z'
System info: host: 'LAPTOP-94HKRVCK', ip: '192.168.56.1', os.name: 'Windows 10', os.arch: 'amd64', os.version: '10.0', java.version: '1.8.0_161'
Driver info: org.openqa.selenium.phantomjs.PhantomJSDriver
Capabilities {acceptSslCerts: false, applicationCacheEnabled: false, browserConnectionEnabled: false, browserName: phantomjs, cssSelectorsEnabled: true, databaseEnabled: false, driverName: ghostdriver, driverVersion: 1.2.0, handlesAlerts: false, javascriptEnabled: true, locationContextEnabled: false, nativeEvents: true, platform: XP, platformName: XP, proxy: Proxy(direct), rotatable: false, takesScreenshot: true, version: 2.1.1, webStorageEnabled: false}
Session ID: 04628900-db3b-11e8-a17b-e1c90a1b53c9
2018-10-29 14:25:36 INFO  Crawler:264 - [Progress 28] save : 0, err : 5, remain_work : 1, total : 29
2018-10-29 14:25:36 ERROR WorkRunnable:82 - not found element Error 404: Not Found
File not found
Command duration or timeout: 2 milliseconds
Build info: version: '3.11.0', revision: 'e59cfb3', time: '2018-03-11T20:26:55.152Z'
System info: host: 'LAPTOP-94HKRVCK', ip: '192.168.56.1', os.name: 'Windows 10', os.arch: 'amd64', os.version: '10.0', java.version: '1.8.0_161'
Driver info: org.openqa.selenium.phantomjs.PhantomJSDriver
Capabilities {acceptSslCerts: false, applicationCacheEnabled: false, browserConnectionEnabled: false, browserName: phantomjs, cssSelectorsEnabled: true, databaseEnabled: false, driverName: ghostdriver, driverVersion: 1.2.0, handlesAlerts: false, javascriptEnabled: true, locationContextEnabled: false, nativeEvents: true, platform: XP, platformName: XP, proxy: Proxy(direct), rotatable: false, takesScreenshot: true, version: 2.1.1, webStorageEnabled: false}
Session ID: 04628900-db3b-11e8-a17b-e1c90a1b53c9
*** Element info: {Using=css selector, value=#search_deal_area > li:nth-child(1) > span > a > span.box_desc > strong.tit_desc}
org.openqa.selenium.UnsupportedCommandException: Error 404: Not Found
File not found
Command duration or timeout: 2 milliseconds
Build info: version: '3.11.0', revision: 'e59cfb3', time: '2018-03-11T20:26:55.152Z'
System info: host: 'LAPTOP-94HKRVCK', ip: '192.168.56.1', os.name: 'Windows 10', os.arch: 'amd64', os.version: '10.0', java.version: '1.8.0_161'
Driver info: org.openqa.selenium.phantomjs.PhantomJSDriver
Capabilities {acceptSslCerts: false, applicationCacheEnabled: false, browserConnectionEnabled: false, browserName: phantomjs, cssSelectorsEnabled: true, databaseEnabled: false, driverName: ghostdriver, driverVersion: 1.2.0, handlesAlerts: false, javascriptEnabled: true, locationContextEnabled: false, nativeEvents: true, platform: XP, platformName: XP, proxy: Proxy(direct), rotatable: false, takesScreenshot: true, version: 2.1.1, webStorageEnabled: false}
Session ID: 04628900-db3b-11e8-a17b-e1c90a1b53c9
*** Element info: {Using=css selector, value=#search_deal_area > li:nth-child(1) > span > a > span.box_desc > strong.tit_desc}
	at com.onycom.crawler.core.WorkRunnable.run(WorkRunnable.java:82)
	at java.lang.Thread.run(Thread.java:748)
2018-10-29 14:25:36 ERROR Crawler:257 - [ERR URL] http://search.wemakeprice.com/search?search_cate=top&_service=5&_type=3?=&search_keyword=%EA%B7%B8%EB%9E%98%ED%94%BD%EC%B9%B4%EB%93%9C
2018-10-29 14:25:36 ERROR Crawler:260 - L ERR : not found element Error 404: Not Found
File not found
Command duration or timeout: 2 milliseconds
Build info: version: '3.11.0', revision: 'e59cfb3', time: '2018-03-11T20:26:55.152Z'
System info: host: 'LAPTOP-94HKRVCK', ip: '192.168.56.1', os.name: 'Windows 10', os.arch: 'amd64', os.version: '10.0', java.version: '1.8.0_161'
Driver info: org.openqa.selenium.phantomjs.PhantomJSDriver
Capabilities {acceptSslCerts: false, applicationCacheEnabled: false, browserConnectionEnabled: false, browserName: phantomjs, cssSelectorsEnabled: true, databaseEnabled: false, driverName: ghostdriver, driverVersion: 1.2.0, handlesAlerts: false, javascriptEnabled: true, locationContextEnabled: false, nativeEvents: true, platform: XP, platformName: XP, proxy: Proxy(direct), rotatable: false, takesScreenshot: true, version: 2.1.1, webStorageEnabled: false}
Session ID: 04628900-db3b-11e8-a17b-e1c90a1b53c9
*** Element info: {Using=css selector, value=#search_deal_area > li:nth-child(1) > span > a > span.box_desc > strong.tit_desc}
2018-10-29 14:25:36 INFO  Crawler:264 - [Progress 29] save : 0, err : 6, remain_work : 0, total : 29
