2018-10-29 14:25:21 ERROR Crawler:257 - [ERR URL] https://front.wemakeprice.com/deal/600057270
2018-10-29 14:25:21 ERROR Crawler:260 - L ERR_WRITE : Contents write failed : Incorrect datetime value: 'datetime' for column 'COLLECTED_TIME' at row 1
2018-10-29 14:25:23 ERROR Crawler:257 - [ERR URL] https://front.wemakeprice.com/deal/600051458?source=dealsearch&search_keyword=%EA%B7%B8%EB%9E%98%ED%94%BD%EC%B9%B4%EB%93%9C&no=2&_service=3
2018-10-29 14:25:23 ERROR Crawler:260 - L ERR_WRITE : Contents write failed : Incorrect datetime value: 'datetime' for column 'COLLECTED_TIME' at row 1
2018-10-29 14:25:24 ERROR Crawler:257 - [ERR URL] https://front.wemakeprice.com/product/100051223?source=dealsearch&search_keyword=%EA%B7%B8%EB%9E%98%ED%94%BD%EC%B9%B4%EB%93%9C&no=3&_service=3
2018-10-29 14:25:24 ERROR Crawler:260 - L ERR_WRITE : Contents write failed : Incorrect datetime value: 'datetime' for column 'COLLECTED_TIME' at row 1
2018-10-29 14:25:26 ERROR Crawler:257 - [ERR URL] https://front.wemakeprice.com/product/100004245?source=dealsearch&search_keyword=%EA%B7%B8%EB%9E%98%ED%94%BD%EC%B9%B4%EB%93%9C&no=4&_service=3
2018-10-29 14:25:26 ERROR Crawler:260 - L ERR_WRITE : Contents write failed : Incorrect datetime value: 'datetime' for column 'COLLECTED_TIME' at row 1
2018-10-29 14:25:36 ERROR WorkRunnable:82 - not found element Error 404: Not Found
File not found
Command duration or timeout: 6 milliseconds
Build info: version: '3.11.0', revision: 'e59cfb3', time: '2018-03-11T20:26:55.152Z'
System info: host: 'LAPTOP-94HKRVCK', ip: '192.168.56.1', os.name: 'Windows 10', os.arch: 'amd64', os.version: '10.0', java.version: '1.8.0_161'
Driver info: org.openqa.selenium.phantomjs.PhantomJSDriver
Capabilities {acceptSslCerts: false, applicationCacheEnabled: false, browserConnectionEnabled: false, browserName: phantomjs, cssSelectorsEnabled: true, databaseEnabled: false, driverName: ghostdriver, driverVersion: 1.2.0, handlesAlerts: false, javascriptEnabled: true, locationContextEnabled: false, nativeEvents: true, platform: XP, platformName: XP, proxy: Proxy(direct), rotatable: false, takesScreenshot: true, version: 2.1.1, webStorageEnabled: false}
Session ID: 04628900-db3b-11e8-a17b-e1c90a1b53c9
org.openqa.selenium.UnsupportedCommandException: Error 404: Not Found
File not found
Command duration or timeout: 6 milliseconds
Build info: version: '3.11.0', revision: 'e59cfb3', time: '2018-03-11T20:26:55.152Z'
System info: host: 'LAPTOP-94HKRVCK', ip: '192.168.56.1', os.name: 'Windows 10', os.arch: 'amd64', os.version: '10.0', java.version: '1.8.0_161'
Driver info: org.openqa.selenium.phantomjs.PhantomJSDriver
Capabilities {acceptSslCerts: false, applicationCacheEnabled: false, browserConnectionEnabled: false, browserName: phantomjs, cssSelectorsEnabled: true, databaseEnabled: false, driverName: ghostdriver, driverVersion: 1.2.0, handlesAlerts: false, javascriptEnabled: true, locationContextEnabled: false, nativeEvents: true, platform: XP, platformName: XP, proxy: Proxy(direct), rotatable: false, takesScreenshot: true, version: 2.1.1, webStorageEnabled: false}
Session ID: 04628900-db3b-11e8-a17b-e1c90a1b53c9
	at com.onycom.crawler.core.WorkRunnable.run(WorkRunnable.java:82)
	at java.lang.Thread.run(Thread.java:748)
2018-10-29 14:25:36 ERROR Crawler:257 - [ERR URL] http://search.wemakeprice.com/search?search_cate=top&_service=5&_type=3?=&search_keyword=%EA%B7%B8%EB%9E%98%ED%94%BD%EC%B9%B4%EB%93%9C
2018-10-29 14:25:36 ERROR Crawler:260 - L ERR : not found element Error 404: Not Found
File not found
Command duration or timeout: 6 milliseconds
Build info: version: '3.11.0', revision: 'e59cfb3', time: '2018-03-11T20:26:55.152Z'
System info: host: 'LAPTOP-94HKRVCK', ip: '192.168.56.1', os.name: 'Windows 10', os.arch: 'amd64', os.version: '10.0', java.version: '1.8.0_161'
Driver info: org.openqa.selenium.phantomjs.PhantomJSDriver
Capabilities {acceptSslCerts: false, applicationCacheEnabled: false, browserConnectionEnabled: false, browserName: phantomjs, cssSelectorsEnabled: true, databaseEnabled: false, driverName: ghostdriver, driverVersion: 1.2.0, handlesAlerts: false, javascriptEnabled: true, locationContextEnabled: false, nativeEvents: true, platform: XP, platformName: XP, proxy: Proxy(direct), rotatable: false, takesScreenshot: true, version: 2.1.1, webStorageEnabled: false}
Session ID: 04628900-db3b-11e8-a17b-e1c90a1b53c9
2018-10-29 14:25:36 ERROR WorkRunnable:82 - not found element Error 404: Not Found
File not found
Command duration or timeout: 2 milliseconds
Build info: version: '3.11.0', revision: 'e59cfb3', time: '2018-03-11T20:26:55.152Z'
System info: host: 'LAPTOP-94HKRVCK', ip: '192.168.56.1', os.name: 'Windows 10', os.arch: 'amd64', os.version: '10.0', java.version: '1.8.0_161'
Driver info: org.openqa.selenium.phantomjs.PhantomJSDriver
Capabilities {acceptSslCerts: false, applicationCacheEnabled: false, browserConnectionEnabled: false, browserName: phantomjs, cssSelectorsEnabled: true, databaseEnabled: false, driverName: ghostdriver, driverVersion: 1.2.0, handlesAlerts: false, javascriptEnabled: true, locationContextEnabled: false, nativeEvents: true, platform: XP, platformName: XP, proxy: Proxy(direct), rotatable: false, takesScreenshot: true, version: 2.1.1, webStorageEnabled: false}
Session ID: 04628900-db3b-11e8-a17b-e1c90a1b53c9
*** Element info: {Using=css selector, value=#search_deal_area > li:nth-child(1) > span > a > span.box_desc > strong.tit_desc}
org.openqa.selenium.UnsupportedCommandException: Error 404: Not Found
File not found
Command duration or timeout: 2 milliseconds
Build info: version: '3.11.0', revision: 'e59cfb3', time: '2018-03-11T20:26:55.152Z'
System info: host: 'LAPTOP-94HKRVCK', ip: '192.168.56.1', os.name: 'Windows 10', os.arch: 'amd64', os.version: '10.0', java.version: '1.8.0_161'
Driver info: org.openqa.selenium.phantomjs.PhantomJSDriver
Capabilities {acceptSslCerts: false, applicationCacheEnabled: false, browserConnectionEnabled: false, browserName: phantomjs, cssSelectorsEnabled: true, databaseEnabled: false, driverName: ghostdriver, driverVersion: 1.2.0, handlesAlerts: false, javascriptEnabled: true, locationContextEnabled: false, nativeEvents: true, platform: XP, platformName: XP, proxy: Proxy(direct), rotatable: false, takesScreenshot: true, version: 2.1.1, webStorageEnabled: false}
Session ID: 04628900-db3b-11e8-a17b-e1c90a1b53c9
*** Element info: {Using=css selector, value=#search_deal_area > li:nth-child(1) > span > a > span.box_desc > strong.tit_desc}
	at com.onycom.crawler.core.WorkRunnable.run(WorkRunnable.java:82)
	at java.lang.Thread.run(Thread.java:748)
2018-10-29 14:25:36 ERROR Crawler:257 - [ERR URL] http://search.wemakeprice.com/search?search_cate=top&_service=5&_type=3?=&search_keyword=%EA%B7%B8%EB%9E%98%ED%94%BD%EC%B9%B4%EB%93%9C
2018-10-29 14:25:36 ERROR Crawler:260 - L ERR : not found element Error 404: Not Found
File not found
Command duration or timeout: 2 milliseconds
Build info: version: '3.11.0', revision: 'e59cfb3', time: '2018-03-11T20:26:55.152Z'
System info: host: 'LAPTOP-94HKRVCK', ip: '192.168.56.1', os.name: 'Windows 10', os.arch: 'amd64', os.version: '10.0', java.version: '1.8.0_161'
Driver info: org.openqa.selenium.phantomjs.PhantomJSDriver
Capabilities {acceptSslCerts: false, applicationCacheEnabled: false, browserConnectionEnabled: false, browserName: phantomjs, cssSelectorsEnabled: true, databaseEnabled: false, driverName: ghostdriver, driverVersion: 1.2.0, handlesAlerts: false, javascriptEnabled: true, locationContextEnabled: false, nativeEvents: true, platform: XP, platformName: XP, proxy: Proxy(direct), rotatable: false, takesScreenshot: true, version: 2.1.1, webStorageEnabled: false}
Session ID: 04628900-db3b-11e8-a17b-e1c90a1b53c9
*** Element info: {Using=css selector, value=#search_deal_area > li:nth-child(1) > span > a > span.box_desc > strong.tit_desc}
